app/build/intermediates/manifest_merge_blame_file/debug/manifest-merger-blame-debug-report.txt
1<?xml version="1.0" encoding="utf-8"?>
2<manifest xmlns:android="http://schemas.android.com/apk/res/android"
3    package="com.ar.app"
4    android:versionCode="1"
5    android:versionName="1.0" >
6
7    <uses-sdk
8        android:minSdkVersion="24"
8-->src\main\AndroidManifest.xml
9        android:targetSdkVersion="33" />
9-->src\main\AndroidManifest.xml
10
11    <!-- Always needed for AR. -->
12    <uses-permission android:name="android.permission.CAMERA" />
12-->src\main\AndroidManifest.xml:6:5-65
12-->src\main\AndroidManifest.xml:6:22-62
13
14    <!-- Sceneform requires OpenGLES 3.0 or later. -->
15    <uses-feature
15-->src\main\AndroidManifest.xml:9:5-11:35
16        android:glEsVersion="0x00030000"
16-->src\main\AndroidManifest.xml:10:9-41
17        android:required="true" />
17-->src\main\AndroidManifest.xml:11:9-32
18
19    <!--
20         Indicates that this app requires Google Play Services for AR ("AR Required") and results in
21         the app only being visible in the Google Play Store on devices that support ARCore.
22         For an "AR Optional" app, remove this tag.
23    -->
24    <uses-feature
24-->src\main\AndroidManifest.xml:16:5-18:35
25        android:name="android.hardware.camera.ar"
25-->src\main\AndroidManifest.xml:17:9-50
26        android:required="true" />
26-->src\main\AndroidManifest.xml:18:9-32
27
28    <queries>
28-->[com.google.ar:core:1.31.0] AndroidManifest.xml:29:5-31:15
29        <package android:name="com.google.ar.core" />
29-->[com.google.ar:core:1.31.0] AndroidManifest.xml:30:9-54
29-->[com.google.ar:core:1.31.0] AndroidManifest.xml:30:18-51
30    </queries>
31
32    <application
32-->src\main\AndroidManifest.xml:20:5-43:19
33        android:appComponentFactory="androidx.core.app.CoreComponentFactory"
33-->[androidx.core:core:1.7.0] AndroidManifest.xml:24:18-86
34        android:debuggable="true"
35        android:extractNativeLibs="false"
36        android:icon="@drawable/ic_launcher"
36-->src\main\AndroidManifest.xml:21:9-45
37        android:label="@string/app_name"
37-->src\main\AndroidManifest.xml:22:9-41
38        android:theme="@style/AppTheme" >
38-->src\main\AndroidManifest.xml:23:9-40
39
40        <!--
41        Indicates that this app requires Google Play Services for AR ("AR Required") and causes
42        the Google Play Store to download and install Google Play Services for AR along with the app.
43        For an "AR Optional" app, specify "optional" instead of "required".
44        -->
45        <meta-data
45-->src\main\AndroidManifest.xml:28:9-30:40
46            android:name="com.google.ar.core"
46-->src\main\AndroidManifest.xml:29:13-46
47            android:value="required" />
47-->src\main\AndroidManifest.xml:30:13-37
48
49        <activity
49-->src\main\AndroidManifest.xml:32:9-42:20
50            android:name="com.ar.app.MainActivity"
50-->src\main\AndroidManifest.xml:33:13-51
51            android:configChanges="orientation|screenSize"
51-->src\main\AndroidManifest.xml:34:13-59
52            android:exported="true"
52-->src\main\AndroidManifest.xml:35:13-36
53            android:screenOrientation="locked"
53-->src\main\AndroidManifest.xml:36:13-47
54            android:theme="@style/AppTheme" >
54-->src\main\AndroidManifest.xml:37:13-44
55            <intent-filter>
55-->src\main\AndroidManifest.xml:38:13-41:29
56                <action android:name="android.intent.action.MAIN" />
56-->src\main\AndroidManifest.xml:39:17-69
56-->src\main\AndroidManifest.xml:39:25-66
57
58                <category android:name="android.intent.category.LAUNCHER" />
58-->src\main\AndroidManifest.xml:40:17-77
58-->src\main\AndroidManifest.xml:40:27-74
59            </intent-filter>
60        </activity>
61
62        <provider
62-->[androidx.emoji2:emoji2:1.0.0] AndroidManifest.xml:26:9-34:20
63            android:name="androidx.startup.InitializationProvider"
63-->[androidx.emoji2:emoji2:1.0.0] AndroidManifest.xml:27:13-67
64            android:authorities="com.ar.app.androidx-startup"
64-->[androidx.emoji2:emoji2:1.0.0] AndroidManifest.xml:28:13-68
65            android:exported="false" >
65-->[androidx.emoji2:emoji2:1.0.0] AndroidManifest.xml:29:13-37
66            <meta-data
66-->[androidx.emoji2:emoji2:1.0.0] AndroidManifest.xml:31:13-33:52
67                android:name="androidx.emoji2.text.EmojiCompatInitializer"
67-->[androidx.emoji2:emoji2:1.0.0] AndroidManifest.xml:32:17-75
68                android:value="androidx.startup" />
68-->[androidx.emoji2:emoji2:1.0.0] AndroidManifest.xml:33:17-49
69            <meta-data
69-->[androidx.lifecycle:lifecycle-process:2.4.0] AndroidManifest.xml:31:13-33:52
70                android:name="androidx.lifecycle.ProcessLifecycleInitializer"
70-->[androidx.lifecycle:lifecycle-process:2.4.0] AndroidManifest.xml:32:17-78
71                android:value="androidx.startup" />
71-->[androidx.lifecycle:lifecycle-process:2.4.0] AndroidManifest.xml:33:17-49
72        </provider> <!-- The minimal version code of ARCore APK required for an app using this SDK. -->
73        <meta-data
73-->[com.google.ar:core:1.31.0] AndroidManifest.xml:36:9-38:41
74            android:name="com.google.ar.core.min_apk_version"
74-->[com.google.ar:core:1.31.0] AndroidManifest.xml:37:13-62
75            android:value="220920000" /> <!-- This activity is critical for installing ARCore when it is not already present. -->
75-->[com.google.ar:core:1.31.0] AndroidManifest.xml:38:13-38
76        <activity
76-->[com.google.ar:core:1.31.0] AndroidManifest.xml:40:9-46:80
77            android:name="com.google.ar.core.InstallActivity"
77-->[com.google.ar:core:1.31.0] AndroidManifest.xml:41:13-62
78            android:configChanges="keyboardHidden|orientation|screenSize"
78-->[com.google.ar:core:1.31.0] AndroidManifest.xml:42:13-74
79            android:excludeFromRecents="true"
79-->[com.google.ar:core:1.31.0] AndroidManifest.xml:43:13-46
80            android:exported="false"
80-->[com.google.ar:core:1.31.0] AndroidManifest.xml:44:13-37
81            android:launchMode="singleTop"
81-->[com.google.ar:core:1.31.0] AndroidManifest.xml:45:13-43
82            android:theme="@android:style/Theme.Material.Light.Dialog.Alert" />
82-->[com.google.ar:core:1.31.0] AndroidManifest.xml:46:13-77
83    </application>
84
85</manifest>